<?xml version="1.0" encoding="UTF-8"?>
<testsuite name="quebec.crosemont.g04.bonhommependu.PartieTest" tests="3" skipped="0" failures="0" errors="0" timestamp="2019-12-21T04:36:26" hostname="DESKTOP-5GVL2IC" time="0.007">
  <properties/>
  <testcase name="testToString" classname="quebec.crosemont.g04.bonhommependu.PartieTest" time="0.007"/>
  <testcase name="testChangerPseudo" classname="quebec.crosemont.g04.bonhommependu.PartieTest" time="0.0"/>
  <testcase name="testGetPseudo" classname="quebec.crosemont.g04.bonhommependu.PartieTest" time="0.0"/>
  <system-out><![CDATA[toString
changerPseudo
getPseudo
]]></system-out>
  <system-err><![CDATA[]]></system-err>
</testsuite>
